<?xml version="1.0" encoding="UTF-8"?>
<!-- Generated by org.testng.reporters.JUnitReportReporter -->
<testsuite hostname="macbook.oneshore.lcl" failures="0" tests="1" name="seleniumtrainingmaven.LoginTest" time="6.776" errors="0" timestamp="2020-10-22T08:24:43 MDT" skipped="0">
  <testcase classname="seleniumtrainingmaven.LoginTest" name="successfulLogin" time="6.776"/>
  <system-out/>
</testsuite> <!-- seleniumtrainingmaven.LoginTest -->
