<?xml version="1.0" encoding="UTF-8"?>
<!-- Generated by org.testng.reporters.JUnitReportReporter -->
<testsuite hostname="macbook.oneshore.lcl" failures="0" tests="2" name="seleniumtrainingmaven.SimpleLoginTest" time="13.870" errors="0" timestamp="2020-10-22T08:41:43 MDT" skipped="0">
  <testcase classname="seleniumtrainingmaven.SimpleLoginTest" name="failedLogin" time="7.256"/>
  <system-out/>
  <testcase classname="seleniumtrainingmaven.SimpleLoginTest" name="successfulLogin" time="6.614"/>
  <system-out/>
</testsuite> <!-- seleniumtrainingmaven.SimpleLoginTest -->
