<?xml version="1.0" encoding="UTF-8"?>
<!-- Generated by org.testng.reporters.JUnitReportReporter -->
<testsuite hostname="macbook.oneshore.lcl" failures="0" tests="1" name="seleniumtrainingmaven.SimpleLoginTest" time="8.114" errors="0" timestamp="2021-01-27T11:58:01 MST" skipped="0">
  <testcase classname="seleniumtrainingmaven.SimpleLoginTest" name="successfulLogin" time="8.114"/>
  <system-out/>
</testsuite> <!-- seleniumtrainingmaven.SimpleLoginTest -->
