<?xml version="1.0" encoding="UTF-8"?>
<!-- Generated by org.testng.reporters.JUnitReportReporter -->
<testsuite hostname="macbook.oneshore.lcl" failures="0" tests="3" name="seleniumtrainingmaven.ParameterizedLoginTest" time="31.947" errors="0" timestamp="2021-01-18T11:16:54 MST" skipped="0">
  <testcase classname="seleniumtrainingmaven.ParameterizedLoginTest" name="loginTest" time="10.935"/>
  <system-out/>
  <testcase classname="seleniumtrainingmaven.ParameterizedLoginTest" name="loginTest" time="10.177"/>
  <system-out/>
  <testcase classname="seleniumtrainingmaven.ParameterizedLoginTest" name="loginTest" time="10.835"/>
  <system-out/>
</testsuite> <!-- seleniumtrainingmaven.ParameterizedLoginTest -->
