<?xml version="1.0" encoding="UTF-8"?>
<!-- Generated by org.testng.reporters.JUnitReportReporter -->
<testsuite hostname="macbook.oneshore.lcl" failures="0" tests="3" name="seleniumtrainingmaven.ParameterizedLoginTest" time="25.913" errors="0" timestamp="2020-10-22T12:00:11 MDT" skipped="0">
  <testcase classname="seleniumtrainingmaven.ParameterizedLoginTest" name="loginTest" time="8.512"/>
  <system-out/>
  <testcase classname="seleniumtrainingmaven.ParameterizedLoginTest" name="loginTest" time="8.685"/>
  <system-out/>
  <testcase classname="seleniumtrainingmaven.ParameterizedLoginTest" name="loginTest" time="8.716"/>
  <system-out/>
</testsuite> <!-- seleniumtrainingmaven.ParameterizedLoginTest -->
