<?xml version="1.0" encoding="UTF-8"?>
<!-- Generated by org.testng.reporters.JUnitReportReporter -->
<testsuite hostname="macbook.oneshore.lcl" failures="0" tests="3" name="seleniumtrainingmaven.ParameterizedLoginTest" time="44.852" errors="0" timestamp="2021-04-22T11:40:36 MDT" skipped="0">
  <testcase classname="seleniumtrainingmaven.ParameterizedLoginTest" name="loginTest" time="14.950"/>
  <system-out/>
  <testcase classname="seleniumtrainingmaven.ParameterizedLoginTest" name="loginTest" time="15.091"/>
  <system-out/>
  <testcase classname="seleniumtrainingmaven.ParameterizedLoginTest" name="loginTest" time="14.811"/>
  <system-out/>
</testsuite> <!-- seleniumtrainingmaven.ParameterizedLoginTest -->
