<?xml version="1.0" encoding="UTF-8"?>
<!-- Generated by org.testng.reporters.JUnitReportReporter -->
<testsuite hostname="macbook.oneshore.lcl" failures="0" tests="3" name="seleniumtrainingmaven.RefactoredLoginTest" time="24.398" errors="0" timestamp="2020-10-22T11:56:43 MDT" skipped="0">
  <testcase classname="seleniumtrainingmaven.RefactoredLoginTest" name="failedLogin" time="6.606"/>
  <system-out/>
  <testcase classname="seleniumtrainingmaven.RefactoredLoginTest" name="failedLoginWithInvalidUsername" time="9.941"/>
  <system-out/>
  <testcase classname="seleniumtrainingmaven.RefactoredLoginTest" name="successfulLogin" time="7.851"/>
  <system-out/>
</testsuite> <!-- seleniumtrainingmaven.RefactoredLoginTest -->
