<?xml version="1.0" encoding="UTF-8"?>
<!-- Generated by org.testng.reporters.JUnitReportReporter -->
<testsuite hostname="macbook.oneshore.lcl" failures="0" tests="1" name="theinternet.LoginWithPageObject" time="5.831" errors="0" timestamp="2021-01-27T12:07:42 MST" skipped="0">
  <testcase classname="theinternet.LoginWithPageObject" name="successfulLogin" time="5.831"/>
  <system-out/>
</testsuite> <!-- theinternet.LoginWithPageObject -->
