<?xml version="1.0" encoding="UTF-8"?>
<!-- Generated by org.testng.reporters.JUnitReportReporter -->
<testsuite hostname="macbook.oneshore.lcl" failures="0" tests="1" name="seleniumtrainingmaven.RefactoredLoginTest" time="10.734" errors="0" timestamp="2021-04-22T11:41:25 MDT" skipped="0">
  <testcase classname="seleniumtrainingmaven.RefactoredLoginTest" name="successfulLogin" time="10.734"/>
  <system-out/>
</testsuite> <!-- seleniumtrainingmaven.RefactoredLoginTest -->
